2021-10-17 20:34:39,885 [Worker-6: Loading available Gradle versions] INFO  o.e.b.c.i.u.g.PublishedGradleVersions - Gradle version information cache is out-of-date. Trying to update.
2021-10-17 20:37:46,152 [Worker-2: Import Getting Started Content] INFO  o.e.m.c.i.l.LifecycleMappingFactory - Using org.eclipse.m2e.jdt.JarLifecycleMapping lifecycle mapping for MavenProject: com.example:poo-backend:0.0.1-SNAPSHOT @ /media/flaviozno/HD1/EAD/Trabalho de Java/poo-backend/pom.xml.
2021-10-17 20:37:47,232 [Worker-2: Import Getting Started Content] INFO  o.e.m.c.i.e.AbstractTransferListenerAdapter - Downloading https://repo.maven.apache.org/maven2/org/springframework/boot/spring-boot-starter-data-jpa/2.5.5/spring-boot-starter-data-jpa-2.5.5.pom
2021-10-17 20:37:47,481 [Worker-2: Import Getting Started Content] INFO  o.e.m.c.i.e.AbstractTransferListenerAdapter - Downloaded https://repo.maven.apache.org/maven2/org/springframework/boot/spring-boot-starter-data-jpa/2.5.5/spring-boot-starter-data-jpa-2.5.5.pom
2021-10-17 20:37:47,628 [Worker-2: Import Getting Started Content] INFO  o.e.m.c.i.e.AbstractTransferListenerAdapter - Downloading https://repo.maven.apache.org/maven2/org/springframework/boot/spring-boot-starter-aop/2.5.5/spring-boot-starter-aop-2.5.5.pom
2021-10-17 20:37:47,765 [Worker-2: Import Getting Started Content] INFO  o.e.m.c.i.e.AbstractTransferListenerAdapter - Downloaded https://repo.maven.apache.org/maven2/org/springframework/boot/spring-boot-starter-aop/2.5.5/spring-boot-starter-aop-2.5.5.pom
2021-10-17 20:37:48,011 [Worker-2: Import Getting Started Content] INFO  o.e.m.c.i.e.AbstractTransferListenerAdapter - Downloading https://repo.maven.apache.org/maven2/org/springframework/boot/spring-boot-starter-jdbc/2.5.5/spring-boot-starter-jdbc-2.5.5.pom
2021-10-17 20:37:48,149 [Worker-2: Import Getting Started Content] INFO  o.e.m.c.i.e.AbstractTransferListenerAdapter - Downloaded https://repo.maven.apache.org/maven2/org/springframework/boot/spring-boot-starter-jdbc/2.5.5/spring-boot-starter-jdbc-2.5.5.pom
2021-10-17 20:37:48,293 [Worker-2: Import Getting Started Content] INFO  o.e.m.c.i.e.AbstractTransferListenerAdapter - Downloading https://repo.maven.apache.org/maven2/org/springframework/spring-jdbc/5.3.10/spring-jdbc-5.3.10.pom
2021-10-17 20:37:48,435 [Worker-2: Import Getting Started Content] INFO  o.e.m.c.i.e.AbstractTransferListenerAdapter - Downloaded https://repo.maven.apache.org/maven2/org/springframework/spring-jdbc/5.3.10/spring-jdbc-5.3.10.pom
2021-10-17 20:37:48,576 [Worker-2: Import Getting Started Content] INFO  o.e.m.c.i.e.AbstractTransferListenerAdapter - Downloading https://repo.maven.apache.org/maven2/org/springframework/spring-tx/5.3.10/spring-tx-5.3.10.pom
2021-10-17 20:37:48,712 [Worker-2: Import Getting Started Content] INFO  o.e.m.c.i.e.AbstractTransferListenerAdapter - Downloaded https://repo.maven.apache.org/maven2/org/springframework/spring-tx/5.3.10/spring-tx-5.3.10.pom
2021-10-17 20:37:49,021 [Worker-2: Import Getting Started Content] INFO  o.e.m.c.i.e.AbstractTransferListenerAdapter - Downloading https://repo.maven.apache.org/maven2/org/springframework/data/spring-data-jpa/2.5.5/spring-data-jpa-2.5.5.pom
2021-10-17 20:37:49,170 [Worker-2: Import Getting Started Content] INFO  o.e.m.c.i.e.AbstractTransferListenerAdapter - Downloaded https://repo.maven.apache.org/maven2/org/springframework/data/spring-data-jpa/2.5.5/spring-data-jpa-2.5.5.pom
2021-10-17 20:37:49,309 [Worker-2: Import Getting Started Content] INFO  o.e.m.c.i.e.AbstractTransferListenerAdapter - Downloading https://repo.maven.apache.org/maven2/org/springframework/data/build/spring-data-parent/2.5.5/spring-data-parent-2.5.5.pom
2021-10-17 20:37:49,504 [Worker-2: Import Getting Started Content] INFO  o.e.m.c.i.e.AbstractTransferListenerAdapter - Downloaded https://repo.maven.apache.org/maven2/org/springframework/data/build/spring-data-parent/2.5.5/spring-data-parent-2.5.5.pom
2021-10-17 20:37:49,653 [Worker-2: Import Getting Started Content] INFO  o.e.m.c.i.e.AbstractTransferListenerAdapter - Downloading https://repo.maven.apache.org/maven2/org/springframework/data/build/spring-data-build/2.5.5/spring-data-build-2.5.5.pom
2021-10-17 20:37:49,801 [Worker-2: Import Getting Started Content] INFO  o.e.m.c.i.e.AbstractTransferListenerAdapter - Downloaded https://repo.maven.apache.org/maven2/org/springframework/data/build/spring-data-build/2.5.5/spring-data-build-2.5.5.pom
2021-10-17 20:37:49,957 [Worker-2: Import Getting Started Content] INFO  o.e.m.c.i.e.AbstractTransferListenerAdapter - Downloading https://repo.maven.apache.org/maven2/org/jetbrains/kotlin/kotlin-bom/1.5.30/kotlin-bom-1.5.30.pom
2021-10-17 20:37:50,094 [Worker-2: Import Getting Started Content] INFO  o.e.m.c.i.e.AbstractTransferListenerAdapter - Downloaded https://repo.maven.apache.org/maven2/org/jetbrains/kotlin/kotlin-bom/1.5.30/kotlin-bom-1.5.30.pom
2021-10-17 20:37:50,262 [Worker-2: Import Getting Started Content] INFO  o.e.m.c.i.e.AbstractTransferListenerAdapter - Downloading https://repo.maven.apache.org/maven2/org/springframework/data/spring-data-commons/2.5.5/spring-data-commons-2.5.5.pom
2021-10-17 20:37:50,400 [Worker-2: Import Getting Started Content] INFO  o.e.m.c.i.e.AbstractTransferListenerAdapter - Downloaded https://repo.maven.apache.org/maven2/org/springframework/data/spring-data-commons/2.5.5/spring-data-commons-2.5.5.pom
2021-10-17 20:37:50,549 [Worker-2: Import Getting Started Content] INFO  o.e.m.c.i.e.AbstractTransferListenerAdapter - Downloading https://repo.maven.apache.org/maven2/org/springframework/spring-orm/5.3.10/spring-orm-5.3.10.pom
2021-10-17 20:37:50,688 [Worker-2: Import Getting Started Content] INFO  o.e.m.c.i.e.AbstractTransferListenerAdapter - Downloaded https://repo.maven.apache.org/maven2/org/springframework/spring-orm/5.3.10/spring-orm-5.3.10.pom
2021-10-17 20:37:50,836 [Worker-2: Import Getting Started Content] INFO  o.e.m.c.i.e.AbstractTransferListenerAdapter - Downloading https://repo.maven.apache.org/maven2/org/springframework/spring-aspects/5.3.10/spring-aspects-5.3.10.pom
2021-10-17 20:37:50,976 [Worker-2: Import Getting Started Content] INFO  o.e.m.c.i.e.AbstractTransferListenerAdapter - Downloaded https://repo.maven.apache.org/maven2/org/springframework/spring-aspects/5.3.10/spring-aspects-5.3.10.pom
2021-10-17 20:37:51,265 [AetherRepositoryConnector-repo.maven.apache.org-0-0] INFO  o.e.m.c.i.e.AbstractTransferListenerAdapter - Downloading https://repo.maven.apache.org/maven2/org/springframework/boot/spring-boot-starter-data-jpa/2.5.5/spring-boot-starter-data-jpa-2.5.5.jar
2021-10-17 20:37:51,393 [AetherRepositoryConnector-repo.maven.apache.org-0-3] INFO  o.e.m.c.i.e.AbstractTransferListenerAdapter - Downloading https://repo.maven.apache.org/maven2/org/springframework/spring-jdbc/5.3.10/spring-jdbc-5.3.10.jar
2021-10-17 20:37:51,618 [AetherRepositoryConnector-repo.maven.apache.org-0-2] INFO  o.e.m.c.i.e.AbstractTransferListenerAdapter - Downloading https://repo.maven.apache.org/maven2/org/springframework/boot/spring-boot-starter-jdbc/2.5.5/spring-boot-starter-jdbc-2.5.5.jar
2021-10-17 20:37:51,619 [AetherRepositoryConnector-repo.maven.apache.org-0-1] INFO  o.e.m.c.i.e.AbstractTransferListenerAdapter - Downloading https://repo.maven.apache.org/maven2/org/springframework/boot/spring-boot-starter-aop/2.5.5/spring-boot-starter-aop-2.5.5.jar
2021-10-17 20:37:51,730 [AetherRepositoryConnector-repo.maven.apache.org-0-4] INFO  o.e.m.c.i.e.AbstractTransferListenerAdapter - Downloading https://repo.maven.apache.org/maven2/org/springframework/data/spring-data-jpa/2.5.5/spring-data-jpa-2.5.5.jar
2021-10-17 20:37:51,738 [AetherRepositoryConnector-repo.maven.apache.org-0-0] INFO  o.e.m.c.i.e.AbstractTransferListenerAdapter - Downloaded https://repo.maven.apache.org/maven2/org/springframework/boot/spring-boot-starter-data-jpa/2.5.5/spring-boot-starter-data-jpa-2.5.5.jar
2021-10-17 20:37:51,888 [AetherRepositoryConnector-repo.maven.apache.org-0-2] INFO  o.e.m.c.i.e.AbstractTransferListenerAdapter - Downloaded https://repo.maven.apache.org/maven2/org/springframework/boot/spring-boot-starter-jdbc/2.5.5/spring-boot-starter-jdbc-2.5.5.jar
2021-10-17 20:37:51,891 [AetherRepositoryConnector-repo.maven.apache.org-0-1] INFO  o.e.m.c.i.e.AbstractTransferListenerAdapter - Downloaded https://repo.maven.apache.org/maven2/org/springframework/boot/spring-boot-starter-aop/2.5.5/spring-boot-starter-aop-2.5.5.jar
2021-10-17 20:37:51,892 [AetherRepositoryConnector-repo.maven.apache.org-0-0] INFO  o.e.m.c.i.e.AbstractTransferListenerAdapter - Downloading https://repo.maven.apache.org/maven2/org/springframework/data/spring-data-commons/2.5.5/spring-data-commons-2.5.5.jar
2021-10-17 20:37:52,061 [AetherRepositoryConnector-repo.maven.apache.org-0-3] INFO  o.e.m.c.i.e.AbstractTransferListenerAdapter - Downloaded https://repo.maven.apache.org/maven2/org/springframework/spring-jdbc/5.3.10/spring-jdbc-5.3.10.jar
2021-10-17 20:37:52,151 [AetherRepositoryConnector-repo.maven.apache.org-0-4] INFO  o.e.m.c.i.e.AbstractTransferListenerAdapter - Downloaded https://repo.maven.apache.org/maven2/org/springframework/data/spring-data-jpa/2.5.5/spring-data-jpa-2.5.5.jar
2021-10-17 20:37:52,153 [AetherRepositoryConnector-repo.maven.apache.org-0-2] INFO  o.e.m.c.i.e.AbstractTransferListenerAdapter - Downloading https://repo.maven.apache.org/maven2/org/springframework/spring-orm/5.3.10/spring-orm-5.3.10.jar
2021-10-17 20:37:52,169 [AetherRepositoryConnector-repo.maven.apache.org-0-1] INFO  o.e.m.c.i.e.AbstractTransferListenerAdapter - Downloading https://repo.maven.apache.org/maven2/org/springframework/spring-tx/5.3.10/spring-tx-5.3.10.jar
2021-10-17 20:37:52,282 [AetherRepositoryConnector-repo.maven.apache.org-0-0] INFO  o.e.m.c.i.e.AbstractTransferListenerAdapter - Downloaded https://repo.maven.apache.org/maven2/org/springframework/data/spring-data-commons/2.5.5/spring-data-commons-2.5.5.jar
2021-10-17 20:37:52,282 [AetherRepositoryConnector-repo.maven.apache.org-0-3] INFO  o.e.m.c.i.e.AbstractTransferListenerAdapter - Downloading https://repo.maven.apache.org/maven2/org/springframework/spring-aspects/5.3.10/spring-aspects-5.3.10.jar
2021-10-17 20:37:52,413 [AetherRepositoryConnector-repo.maven.apache.org-0-2] INFO  o.e.m.c.i.e.AbstractTransferListenerAdapter - Downloaded https://repo.maven.apache.org/maven2/org/springframework/spring-orm/5.3.10/spring-orm-5.3.10.jar
2021-10-17 20:37:52,414 [AetherRepositoryConnector-repo.maven.apache.org-0-1] INFO  o.e.m.c.i.e.AbstractTransferListenerAdapter - Downloaded https://repo.maven.apache.org/maven2/org/springframework/spring-tx/5.3.10/spring-tx-5.3.10.jar
2021-10-17 20:37:52,544 [AetherRepositoryConnector-repo.maven.apache.org-0-3] INFO  o.e.m.c.i.e.AbstractTransferListenerAdapter - Downloaded https://repo.maven.apache.org/maven2/org/springframework/spring-aspects/5.3.10/spring-aspects-5.3.10.jar
2021-10-17 20:37:52,744 [Worker-2: Import Getting Started Content] INFO  o.e.m.c.i.l.LifecycleMappingFactory - Using org.eclipse.m2e.jdt.JarLifecycleMapping lifecycle mapping for MavenProject: com.example:poo-backend:0.0.1-SNAPSHOT @ /media/flaviozno/HD1/EAD/Trabalho de Java/poo-backend/pom.xml.
2021-10-17 20:37:54,240 [Worker-2: Import Getting Started Content] INFO  o.e.m.j.i.AbstractJavaProjectConfigurator - Adding source folder /poo-backend/src/main/java
2021-10-17 20:37:54,241 [Worker-2: Import Getting Started Content] INFO  o.e.m.j.i.AbstractJavaProjectConfigurator - Adding resource folder /poo-backend/src/main/resources
2021-10-17 20:37:54,261 [Worker-2: Import Getting Started Content] INFO  o.e.m.j.i.AbstractJavaProjectConfigurator - Adding resource folder /poo-backend/src/main/resources
2021-10-17 20:37:54,276 [Worker-2: Import Getting Started Content] INFO  o.e.m.j.i.AbstractJavaProjectConfigurator - Adding source folder /poo-backend/src/test/java
2021-10-17 20:37:55,454 [Worker-8: Download sources and javadoc] INFO  o.e.m.c.i.e.AbstractTransferListenerAdapter - Downloading https://repo.maven.apache.org/maven2/org/springframework/boot/spring-boot-starter-data-jpa/2.5.5/spring-boot-starter-data-jpa-2.5.5-sources.jar
2021-10-17 20:37:55,593 [Worker-8: Download sources and javadoc] INFO  o.e.m.c.i.e.AbstractTransferListenerAdapter - Downloaded https://repo.maven.apache.org/maven2/org/springframework/boot/spring-boot-starter-data-jpa/2.5.5/spring-boot-starter-data-jpa-2.5.5-sources.jar
2021-10-17 20:37:55,594 [Worker-8: Download sources and javadoc] INFO  o.e.m.j.internal.DownloadSourcesJob - Downloaded sources for org.springframework.boot:spring-boot-starter-data-jpa:2.5.5
2021-10-17 20:37:55,699 [Worker-2: Import Getting Started Content] INFO  o.e.m.c.i.p.ProjectConfigurationManager - Imported and configured 1 project(s) in 13 sec
2021-10-17 20:37:55,702 [Worker-2: Import Getting Started Content] INFO  o.e.m.c.i.p.ProjectConfigurationManager - Update started
2021-10-17 20:37:56,150 [Worker-8: Download sources and javadoc] INFO  o.e.m.c.i.e.AbstractTransferListenerAdapter - Downloading https://repo.maven.apache.org/maven2/org/springframework/boot/spring-boot-starter-aop/2.5.5/spring-boot-starter-aop-2.5.5-sources.jar
2021-10-17 20:37:56,360 [Worker-2: Import Getting Started Content] INFO  o.e.m.c.i.l.LifecycleMappingFactory - Using org.eclipse.m2e.jdt.JarLifecycleMapping lifecycle mapping for MavenProject: com.example:poo-backend:0.0.1-SNAPSHOT @ /media/flaviozno/HD1/EAD/Trabalho de Java/poo-backend/pom.xml.
2021-10-17 20:37:56,421 [Worker-8: Download sources and javadoc] INFO  o.e.m.c.i.e.AbstractTransferListenerAdapter - Downloaded https://repo.maven.apache.org/maven2/org/springframework/boot/spring-boot-starter-aop/2.5.5/spring-boot-starter-aop-2.5.5-sources.jar
2021-10-17 20:37:56,423 [Worker-8: Download sources and javadoc] INFO  o.e.m.j.internal.DownloadSourcesJob - Downloaded sources for org.springframework.boot:spring-boot-starter-aop:2.5.5
2021-10-17 20:37:57,469 [Worker-8: Download sources and javadoc] INFO  o.e.m.c.i.e.AbstractTransferListenerAdapter - Downloading https://repo.maven.apache.org/maven2/org/springframework/boot/spring-boot-starter-jdbc/2.5.5/spring-boot-starter-jdbc-2.5.5-sources.jar
2021-10-17 20:37:57,737 [Worker-8: Download sources and javadoc] INFO  o.e.m.c.i.e.AbstractTransferListenerAdapter - Downloaded https://repo.maven.apache.org/maven2/org/springframework/boot/spring-boot-starter-jdbc/2.5.5/spring-boot-starter-jdbc-2.5.5-sources.jar
2021-10-17 20:37:57,739 [Worker-8: Download sources and javadoc] INFO  o.e.m.j.internal.DownloadSourcesJob - Downloaded sources for org.springframework.boot:spring-boot-starter-jdbc:2.5.5
2021-10-17 20:37:57,747 [Worker-2: Import Getting Started Content] INFO  o.e.m.j.i.AbstractJavaProjectConfigurator - Adding source folder /poo-backend/src/main/java
2021-10-17 20:37:57,747 [Worker-2: Import Getting Started Content] INFO  o.e.m.j.i.AbstractJavaProjectConfigurator - Adding resource folder /poo-backend/src/main/resources
2021-10-17 20:37:57,748 [Worker-2: Import Getting Started Content] INFO  o.e.m.j.i.AbstractJavaProjectConfigurator - Adding resource folder /poo-backend/src/main/resources
2021-10-17 20:37:57,751 [Worker-2: Import Getting Started Content] INFO  o.e.m.j.i.AbstractJavaProjectConfigurator - Adding source folder /poo-backend/src/test/java
2021-10-17 20:37:58,248 [Worker-2: Import Getting Started Content] INFO  o.e.m.c.i.p.ProjectConfigurationManager - Update completed: 2 sec
2021-10-17 20:37:58,464 [Worker-8: Download sources and javadoc] INFO  o.e.m.c.i.e.AbstractTransferListenerAdapter - Downloading https://repo.maven.apache.org/maven2/org/springframework/spring-jdbc/5.3.10/spring-jdbc-5.3.10-sources.jar
2021-10-17 20:37:58,779 [Worker-12: Building] INFO  o.e.m.c.i.embedder.EclipseLogger - Using 'UTF-8' encoding to copy filtered resources.
2021-10-17 20:37:58,779 [Worker-12: Building] INFO  o.e.m.c.i.embedder.EclipseLogger - Using 'UTF-8' encoding to copy filtered properties files.
2021-10-17 20:37:58,783 [Worker-12: Building] INFO  o.e.m.c.i.embedder.EclipseLogger - Copying 1 resource
2021-10-17 20:37:58,797 [Worker-12: Building] INFO  o.e.m.c.i.embedder.EclipseLogger - Copying 0 resource
2021-10-17 20:37:58,800 [Worker-12: Building] INFO  o.e.m.c.i.embedder.EclipseLogger - Using 'UTF-8' encoding to copy filtered resources.
2021-10-17 20:37:58,800 [Worker-12: Building] INFO  o.e.m.c.i.embedder.EclipseLogger - Using 'UTF-8' encoding to copy filtered properties files.
2021-10-17 20:37:58,800 [Worker-12: Building] INFO  o.e.m.c.i.embedder.EclipseLogger - skip non existing resourceDirectory /media/flaviozno/HD1/EAD/Trabalho de Java/poo-backend/src/test/resources
2021-10-17 20:37:59,061 [Worker-8: Download sources and javadoc] INFO  o.e.m.c.i.e.AbstractTransferListenerAdapter - Downloaded https://repo.maven.apache.org/maven2/org/springframework/spring-jdbc/5.3.10/spring-jdbc-5.3.10-sources.jar
2021-10-17 20:37:59,063 [Worker-8: Download sources and javadoc] INFO  o.e.m.j.internal.DownloadSourcesJob - Downloaded sources for org.springframework:spring-jdbc:5.3.10
2021-10-17 20:37:59,629 [Worker-8: Download sources and javadoc] INFO  o.e.m.c.i.e.AbstractTransferListenerAdapter - Downloading https://repo.maven.apache.org/maven2/org/springframework/data/spring-data-jpa/2.5.5/spring-data-jpa-2.5.5-sources.jar
2021-10-17 20:38:00,120 [Worker-8: Download sources and javadoc] INFO  o.e.m.c.i.e.AbstractTransferListenerAdapter - Downloaded https://repo.maven.apache.org/maven2/org/springframework/data/spring-data-jpa/2.5.5/spring-data-jpa-2.5.5-sources.jar
2021-10-17 20:38:00,123 [Worker-8: Download sources and javadoc] INFO  o.e.m.j.internal.DownloadSourcesJob - Downloaded sources for org.springframework.data:spring-data-jpa:2.5.5
2021-10-17 20:38:00,685 [Worker-8: Download sources and javadoc] INFO  o.e.m.c.i.e.AbstractTransferListenerAdapter - Downloading https://repo.maven.apache.org/maven2/org/springframework/data/spring-data-commons/2.5.5/spring-data-commons-2.5.5-sources.jar
2021-10-17 20:38:01,416 [Worker-8: Download sources and javadoc] INFO  o.e.m.c.i.e.AbstractTransferListenerAdapter - Downloaded https://repo.maven.apache.org/maven2/org/springframework/data/spring-data-commons/2.5.5/spring-data-commons-2.5.5-sources.jar
2021-10-17 20:38:01,417 [Worker-8: Download sources and javadoc] INFO  o.e.m.j.internal.DownloadSourcesJob - Downloaded sources for org.springframework.data:spring-data-commons:2.5.5
2021-10-17 20:38:01,965 [Worker-8: Download sources and javadoc] INFO  o.e.m.c.i.e.AbstractTransferListenerAdapter - Downloading https://repo.maven.apache.org/maven2/org/springframework/spring-orm/5.3.10/spring-orm-5.3.10-sources.jar
2021-10-17 20:38:02,421 [Worker-8: Download sources and javadoc] INFO  o.e.m.c.i.e.AbstractTransferListenerAdapter - Downloaded https://repo.maven.apache.org/maven2/org/springframework/spring-orm/5.3.10/spring-orm-5.3.10-sources.jar
2021-10-17 20:38:02,423 [Worker-8: Download sources and javadoc] INFO  o.e.m.j.internal.DownloadSourcesJob - Downloaded sources for org.springframework:spring-orm:5.3.10
2021-10-17 20:38:02,992 [Worker-8: Download sources and javadoc] INFO  o.e.m.c.i.e.AbstractTransferListenerAdapter - Downloading https://repo.maven.apache.org/maven2/org/springframework/spring-tx/5.3.10/spring-tx-5.3.10-sources.jar
2021-10-17 20:38:03,577 [Worker-8: Download sources and javadoc] INFO  o.e.m.c.i.e.AbstractTransferListenerAdapter - Downloaded https://repo.maven.apache.org/maven2/org/springframework/spring-tx/5.3.10/spring-tx-5.3.10-sources.jar
2021-10-17 20:38:03,580 [Worker-8: Download sources and javadoc] INFO  o.e.m.j.internal.DownloadSourcesJob - Downloaded sources for org.springframework:spring-tx:5.3.10
2021-10-17 20:38:04,137 [Worker-8: Download sources and javadoc] INFO  o.e.m.c.i.e.AbstractTransferListenerAdapter - Downloading https://repo.maven.apache.org/maven2/org/springframework/spring-aspects/5.3.10/spring-aspects-5.3.10-sources.jar
2021-10-17 20:38:04,402 [Worker-8: Download sources and javadoc] INFO  o.e.m.c.i.e.AbstractTransferListenerAdapter - Downloaded https://repo.maven.apache.org/maven2/org/springframework/spring-aspects/5.3.10/spring-aspects-5.3.10-sources.jar
2021-10-17 20:38:04,405 [Worker-8: Download sources and javadoc] INFO  o.e.m.j.internal.DownloadSourcesJob - Downloaded sources for org.springframework:spring-aspects:5.3.10
2021-10-17 20:38:04,726 [Worker-1: Building] INFO  o.e.m.c.i.embedder.EclipseLogger - Using 'UTF-8' encoding to copy filtered resources.
2021-10-17 20:38:04,727 [Worker-1: Building] INFO  o.e.m.c.i.embedder.EclipseLogger - Using 'UTF-8' encoding to copy filtered properties files.
2021-10-17 20:38:04,728 [Worker-1: Building] INFO  o.e.m.c.i.embedder.EclipseLogger - Copying 0 resource
2021-10-17 20:38:04,729 [Worker-1: Building] INFO  o.e.m.c.i.embedder.EclipseLogger - Copying 0 resource
2021-10-17 20:38:04,731 [Worker-1: Building] INFO  o.e.m.c.i.embedder.EclipseLogger - Using 'UTF-8' encoding to copy filtered resources.
2021-10-17 20:38:04,731 [Worker-1: Building] INFO  o.e.m.c.i.embedder.EclipseLogger - Using 'UTF-8' encoding to copy filtered properties files.
2021-10-17 20:38:04,731 [Worker-1: Building] INFO  o.e.m.c.i.embedder.EclipseLogger - skip non existing resourceDirectory /media/flaviozno/HD1/EAD/Trabalho de Java/poo-backend/src/test/resources
2021-10-17 20:38:33,966 [Worker-6: Building] INFO  o.e.m.c.i.embedder.EclipseLogger - Using 'UTF-8' encoding to copy filtered resources.
2021-10-17 20:38:33,966 [Worker-6: Building] INFO  o.e.m.c.i.embedder.EclipseLogger - Using 'UTF-8' encoding to copy filtered properties files.
2021-10-17 20:38:33,967 [Worker-6: Building] INFO  o.e.m.c.i.embedder.EclipseLogger - Copying 0 resource
2021-10-17 20:38:33,967 [Worker-6: Building] INFO  o.e.m.c.i.embedder.EclipseLogger - Copying 0 resource
2021-10-17 20:38:33,969 [Worker-6: Building] INFO  o.e.m.c.i.embedder.EclipseLogger - Using 'UTF-8' encoding to copy filtered resources.
2021-10-17 20:38:33,970 [Worker-6: Building] INFO  o.e.m.c.i.embedder.EclipseLogger - Using 'UTF-8' encoding to copy filtered properties files.
2021-10-17 20:38:33,970 [Worker-6: Building] INFO  o.e.m.c.i.embedder.EclipseLogger - skip non existing resourceDirectory /media/flaviozno/HD1/EAD/Trabalho de Java/poo-backend/src/test/resources
2021-10-17 20:46:43,958 [Worker-12: Building] INFO  o.e.m.c.i.embedder.EclipseLogger - Using 'UTF-8' encoding to copy filtered resources.
2021-10-17 20:46:43,959 [Worker-12: Building] INFO  o.e.m.c.i.embedder.EclipseLogger - Using 'UTF-8' encoding to copy filtered properties files.
2021-10-17 20:46:43,964 [Worker-12: Building] INFO  o.e.m.c.i.embedder.EclipseLogger - Copying 1 resource
2021-10-17 20:46:43,987 [Worker-12: Building] INFO  o.e.m.c.i.embedder.EclipseLogger - Copying 0 resource
2021-10-17 20:46:43,988 [Worker-12: Building] INFO  o.e.m.c.i.embedder.EclipseLogger - Using 'UTF-8' encoding to copy filtered resources.
2021-10-17 20:46:43,989 [Worker-12: Building] INFO  o.e.m.c.i.embedder.EclipseLogger - Using 'UTF-8' encoding to copy filtered properties files.
2021-10-17 20:46:43,989 [Worker-12: Building] INFO  o.e.m.c.i.embedder.EclipseLogger - skip non existing resourceDirectory /media/flaviozno/HD1/EAD/Trabalho de Java/poo-backend/src/test/resources
2021-10-17 20:47:02,442 [Worker-8: Building] INFO  o.e.m.c.i.embedder.EclipseLogger - Using 'UTF-8' encoding to copy filtered resources.
2021-10-17 20:47:02,442 [Worker-8: Building] INFO  o.e.m.c.i.embedder.EclipseLogger - Using 'UTF-8' encoding to copy filtered properties files.
2021-10-17 20:47:02,445 [Worker-8: Building] INFO  o.e.m.c.i.embedder.EclipseLogger - Copying 1 resource
2021-10-17 20:47:02,467 [Worker-8: Building] INFO  o.e.m.c.i.embedder.EclipseLogger - Copying 0 resource
2021-10-17 20:47:02,470 [Worker-8: Building] INFO  o.e.m.c.i.embedder.EclipseLogger - Using 'UTF-8' encoding to copy filtered resources.
2021-10-17 20:47:02,470 [Worker-8: Building] INFO  o.e.m.c.i.embedder.EclipseLogger - Using 'UTF-8' encoding to copy filtered properties files.
2021-10-17 20:47:02,470 [Worker-8: Building] INFO  o.e.m.c.i.embedder.EclipseLogger - skip non existing resourceDirectory /media/flaviozno/HD1/EAD/Trabalho de Java/poo-backend/src/test/resources
2021-10-17 20:47:17,404 [Worker-3: Building] INFO  o.e.m.c.i.embedder.EclipseLogger - Using 'UTF-8' encoding to copy filtered resources.
2021-10-17 20:47:17,405 [Worker-3: Building] INFO  o.e.m.c.i.embedder.EclipseLogger - Using 'UTF-8' encoding to copy filtered properties files.
2021-10-17 20:47:17,406 [Worker-3: Building] INFO  o.e.m.c.i.embedder.EclipseLogger - Copying 1 resource
2021-10-17 20:47:17,476 [Worker-3: Building] INFO  o.e.m.c.i.embedder.EclipseLogger - Copying 0 resource
2021-10-17 20:47:17,481 [Worker-3: Building] INFO  o.e.m.c.i.embedder.EclipseLogger - Using 'UTF-8' encoding to copy filtered resources.
2021-10-17 20:47:17,481 [Worker-3: Building] INFO  o.e.m.c.i.embedder.EclipseLogger - Using 'UTF-8' encoding to copy filtered properties files.
2021-10-17 20:47:17,481 [Worker-3: Building] INFO  o.e.m.c.i.embedder.EclipseLogger - skip non existing resourceDirectory /media/flaviozno/HD1/EAD/Trabalho de Java/poo-backend/src/test/resources
2021-10-17 20:47:43,880 [Worker-8: Building] INFO  o.e.m.c.i.embedder.EclipseLogger - Using 'UTF-8' encoding to copy filtered resources.
2021-10-17 20:47:43,881 [Worker-8: Building] INFO  o.e.m.c.i.embedder.EclipseLogger - Using 'UTF-8' encoding to copy filtered properties files.
2021-10-17 20:47:43,889 [Worker-8: Building] INFO  o.e.m.c.i.embedder.EclipseLogger - Copying 1 resource
2021-10-17 20:47:43,898 [Worker-8: Building] INFO  o.e.m.c.i.embedder.EclipseLogger - Copying 0 resource
2021-10-17 20:47:43,903 [Worker-8: Building] INFO  o.e.m.c.i.embedder.EclipseLogger - Using 'UTF-8' encoding to copy filtered resources.
2021-10-17 20:47:43,903 [Worker-8: Building] INFO  o.e.m.c.i.embedder.EclipseLogger - Using 'UTF-8' encoding to copy filtered properties files.
2021-10-17 20:47:43,905 [Worker-8: Building] INFO  o.e.m.c.i.embedder.EclipseLogger - skip non existing resourceDirectory /media/flaviozno/HD1/EAD/Trabalho de Java/poo-backend/src/test/resources
2021-10-17 20:48:34,549 [Worker-2: Building] INFO  o.e.m.c.i.embedder.EclipseLogger - Using 'UTF-8' encoding to copy filtered resources.
2021-10-17 20:48:34,550 [Worker-2: Building] INFO  o.e.m.c.i.embedder.EclipseLogger - Using 'UTF-8' encoding to copy filtered properties files.
2021-10-17 20:48:34,551 [Worker-2: Building] INFO  o.e.m.c.i.embedder.EclipseLogger - Copying 1 resource
2021-10-17 20:48:34,598 [Worker-2: Building] INFO  o.e.m.c.i.embedder.EclipseLogger - Copying 0 resource
2021-10-17 20:48:34,604 [Worker-2: Building] INFO  o.e.m.c.i.embedder.EclipseLogger - Using 'UTF-8' encoding to copy filtered resources.
2021-10-17 20:48:34,605 [Worker-2: Building] INFO  o.e.m.c.i.embedder.EclipseLogger - Using 'UTF-8' encoding to copy filtered properties files.
2021-10-17 20:48:34,605 [Worker-2: Building] INFO  o.e.m.c.i.embedder.EclipseLogger - skip non existing resourceDirectory /media/flaviozno/HD1/EAD/Trabalho de Java/poo-backend/src/test/resources
2021-10-17 20:57:59,219 [Worker-8: Building] INFO  o.e.m.c.i.embedder.EclipseLogger - Using 'UTF-8' encoding to copy filtered resources.
2021-10-17 20:57:59,220 [Worker-8: Building] INFO  o.e.m.c.i.embedder.EclipseLogger - Using 'UTF-8' encoding to copy filtered properties files.
2021-10-17 20:57:59,221 [Worker-8: Building] INFO  o.e.m.c.i.embedder.EclipseLogger - Copying 1 resource
2021-10-17 20:57:59,257 [Worker-8: Building] INFO  o.e.m.c.i.embedder.EclipseLogger - Copying 0 resource
2021-10-17 20:57:59,259 [Worker-8: Building] INFO  o.e.m.c.i.embedder.EclipseLogger - Using 'UTF-8' encoding to copy filtered resources.
2021-10-17 20:57:59,259 [Worker-8: Building] INFO  o.e.m.c.i.embedder.EclipseLogger - Using 'UTF-8' encoding to copy filtered properties files.
2021-10-17 20:57:59,259 [Worker-8: Building] INFO  o.e.m.c.i.embedder.EclipseLogger - skip non existing resourceDirectory /media/flaviozno/HD1/EAD/Trabalho de Java/poo-backend/src/test/resources
2021-10-17 21:00:50,046 [Worker-8: Building] INFO  o.e.m.c.i.embedder.EclipseLogger - Using 'UTF-8' encoding to copy filtered resources.
2021-10-17 21:00:50,047 [Worker-8: Building] INFO  o.e.m.c.i.embedder.EclipseLogger - Using 'UTF-8' encoding to copy filtered properties files.
2021-10-17 21:00:50,053 [Worker-8: Building] INFO  o.e.m.c.i.embedder.EclipseLogger - Copying 1 resource
2021-10-17 21:00:50,093 [Worker-8: Building] INFO  o.e.m.c.i.embedder.EclipseLogger - Copying 0 resource
2021-10-17 21:00:50,095 [Worker-8: Building] INFO  o.e.m.c.i.embedder.EclipseLogger - Using 'UTF-8' encoding to copy filtered resources.
2021-10-17 21:00:50,096 [Worker-8: Building] INFO  o.e.m.c.i.embedder.EclipseLogger - Using 'UTF-8' encoding to copy filtered properties files.
2021-10-17 21:00:50,096 [Worker-8: Building] INFO  o.e.m.c.i.embedder.EclipseLogger - skip non existing resourceDirectory /media/flaviozno/HD1/EAD/Trabalho de Java/poo-backend/src/test/resources
2021-10-17 21:03:52,867 [Worker-8: Building] INFO  o.e.m.c.i.embedder.EclipseLogger - Using 'UTF-8' encoding to copy filtered resources.
2021-10-17 21:03:52,868 [Worker-8: Building] INFO  o.e.m.c.i.embedder.EclipseLogger - Using 'UTF-8' encoding to copy filtered properties files.
2021-10-17 21:03:52,874 [Worker-8: Building] INFO  o.e.m.c.i.embedder.EclipseLogger - Copying 1 resource
2021-10-17 21:03:52,977 [Worker-8: Building] INFO  o.e.m.c.i.embedder.EclipseLogger - Copying 0 resource
2021-10-17 21:03:52,980 [Worker-8: Building] INFO  o.e.m.c.i.embedder.EclipseLogger - Using 'UTF-8' encoding to copy filtered resources.
2021-10-17 21:03:52,980 [Worker-8: Building] INFO  o.e.m.c.i.embedder.EclipseLogger - Using 'UTF-8' encoding to copy filtered properties files.
2021-10-17 21:03:52,980 [Worker-8: Building] INFO  o.e.m.c.i.embedder.EclipseLogger - skip non existing resourceDirectory /media/flaviozno/HD1/EAD/Trabalho de Java/poo-backend/src/test/resources
2021-10-17 21:08:19,857 [Worker-13: Launching poo-backend - PooBackendApplication] INFO  o.e.m.c.i.embedder.EclipseLogger - Using 'UTF-8' encoding to copy filtered resources.
2021-10-17 21:08:19,857 [Worker-13: Launching poo-backend - PooBackendApplication] INFO  o.e.m.c.i.embedder.EclipseLogger - Using 'UTF-8' encoding to copy filtered properties files.
2021-10-17 21:08:19,862 [Worker-13: Launching poo-backend - PooBackendApplication] INFO  o.e.m.c.i.embedder.EclipseLogger - Copying 1 resource
2021-10-17 21:08:19,957 [Worker-13: Launching poo-backend - PooBackendApplication] INFO  o.e.m.c.i.embedder.EclipseLogger - Copying 0 resource
2021-10-17 21:08:19,963 [Worker-13: Launching poo-backend - PooBackendApplication] INFO  o.e.m.c.i.embedder.EclipseLogger - Using 'UTF-8' encoding to copy filtered resources.
2021-10-17 21:08:19,964 [Worker-13: Launching poo-backend - PooBackendApplication] INFO  o.e.m.c.i.embedder.EclipseLogger - Using 'UTF-8' encoding to copy filtered properties files.
2021-10-17 21:08:19,964 [Worker-13: Launching poo-backend - PooBackendApplication] INFO  o.e.m.c.i.embedder.EclipseLogger - skip non existing resourceDirectory /media/flaviozno/HD1/EAD/Trabalho de Java/poo-backend/src/test/resources
2021-10-17 21:11:31,408 [Worker-3: Launching poo-backend - PooBackendApplication] INFO  o.e.m.c.i.embedder.EclipseLogger - Using 'UTF-8' encoding to copy filtered resources.
2021-10-17 21:11:31,408 [Worker-3: Launching poo-backend - PooBackendApplication] INFO  o.e.m.c.i.embedder.EclipseLogger - Using 'UTF-8' encoding to copy filtered properties files.
2021-10-17 21:11:31,408 [Worker-3: Launching poo-backend - PooBackendApplication] INFO  o.e.m.c.i.embedder.EclipseLogger - Copying 1 resource
2021-10-17 21:11:31,570 [Worker-3: Launching poo-backend - PooBackendApplication] INFO  o.e.m.c.i.embedder.EclipseLogger - Copying 0 resource
2021-10-17 21:11:31,576 [Worker-3: Launching poo-backend - PooBackendApplication] INFO  o.e.m.c.i.embedder.EclipseLogger - Using 'UTF-8' encoding to copy filtered resources.
2021-10-17 21:11:31,576 [Worker-3: Launching poo-backend - PooBackendApplication] INFO  o.e.m.c.i.embedder.EclipseLogger - Using 'UTF-8' encoding to copy filtered properties files.
2021-10-17 21:11:31,576 [Worker-3: Launching poo-backend - PooBackendApplication] INFO  o.e.m.c.i.embedder.EclipseLogger - skip non existing resourceDirectory /media/flaviozno/HD1/EAD/Trabalho de Java/poo-backend/src/test/resources
2021-10-17 21:12:12,716 [Worker-19: Launching poo-backend - PooBackendApplication] INFO  o.e.m.c.i.embedder.EclipseLogger - Using 'UTF-8' encoding to copy filtered resources.
2021-10-17 21:12:12,716 [Worker-19: Launching poo-backend - PooBackendApplication] INFO  o.e.m.c.i.embedder.EclipseLogger - Using 'UTF-8' encoding to copy filtered properties files.
2021-10-17 21:12:12,717 [Worker-19: Launching poo-backend - PooBackendApplication] INFO  o.e.m.c.i.embedder.EclipseLogger - Copying 1 resource
2021-10-17 21:12:12,778 [Worker-19: Launching poo-backend - PooBackendApplication] INFO  o.e.m.c.i.embedder.EclipseLogger - Copying 0 resource
2021-10-17 21:12:12,780 [Worker-19: Launching poo-backend - PooBackendApplication] INFO  o.e.m.c.i.embedder.EclipseLogger - Using 'UTF-8' encoding to copy filtered resources.
2021-10-17 21:12:12,781 [Worker-19: Launching poo-backend - PooBackendApplication] INFO  o.e.m.c.i.embedder.EclipseLogger - Using 'UTF-8' encoding to copy filtered properties files.
2021-10-17 21:12:12,781 [Worker-19: Launching poo-backend - PooBackendApplication] INFO  o.e.m.c.i.embedder.EclipseLogger - skip non existing resourceDirectory /media/flaviozno/HD1/EAD/Trabalho de Java/poo-backend/src/test/resources
2021-10-17 22:10:23,481 [Worker-21: Launching poo-backend - PooBackendApplication] INFO  o.e.m.c.i.embedder.EclipseLogger - Using 'UTF-8' encoding to copy filtered resources.
2021-10-17 22:10:23,481 [Worker-21: Launching poo-backend - PooBackendApplication] INFO  o.e.m.c.i.embedder.EclipseLogger - Using 'UTF-8' encoding to copy filtered properties files.
2021-10-17 22:10:23,483 [Worker-21: Launching poo-backend - PooBackendApplication] INFO  o.e.m.c.i.embedder.EclipseLogger - Copying 1 resource
2021-10-17 22:10:23,510 [Worker-21: Launching poo-backend - PooBackendApplication] INFO  o.e.m.c.i.embedder.EclipseLogger - Copying 0 resource
2021-10-17 22:10:23,518 [Worker-21: Launching poo-backend - PooBackendApplication] INFO  o.e.m.c.i.embedder.EclipseLogger - Using 'UTF-8' encoding to copy filtered resources.
2021-10-17 22:10:23,523 [Worker-21: Launching poo-backend - PooBackendApplication] INFO  o.e.m.c.i.embedder.EclipseLogger - Using 'UTF-8' encoding to copy filtered properties files.
2021-10-17 22:10:23,524 [Worker-21: Launching poo-backend - PooBackendApplication] INFO  o.e.m.c.i.embedder.EclipseLogger - skip non existing resourceDirectory /media/flaviozno/HD1/EAD/Trabalho de Java/poo-backend/src/test/resources
2021-10-17 22:25:34,636 [Worker-25: Launching poo-backend - PooBackendApplication] INFO  o.e.m.c.i.embedder.EclipseLogger - Using 'UTF-8' encoding to copy filtered resources.
2021-10-17 22:25:34,636 [Worker-25: Launching poo-backend - PooBackendApplication] INFO  o.e.m.c.i.embedder.EclipseLogger - Using 'UTF-8' encoding to copy filtered properties files.
2021-10-17 22:25:34,638 [Worker-25: Launching poo-backend - PooBackendApplication] INFO  o.e.m.c.i.embedder.EclipseLogger - Copying 1 resource
2021-10-17 22:25:34,652 [Worker-25: Launching poo-backend - PooBackendApplication] INFO  o.e.m.c.i.embedder.EclipseLogger - Copying 0 resource
2021-10-17 22:25:34,661 [Worker-25: Launching poo-backend - PooBackendApplication] INFO  o.e.m.c.i.embedder.EclipseLogger - Using 'UTF-8' encoding to copy filtered resources.
2021-10-17 22:25:34,661 [Worker-25: Launching poo-backend - PooBackendApplication] INFO  o.e.m.c.i.embedder.EclipseLogger - Using 'UTF-8' encoding to copy filtered properties files.
2021-10-17 22:25:34,661 [Worker-25: Launching poo-backend - PooBackendApplication] INFO  o.e.m.c.i.embedder.EclipseLogger - skip non existing resourceDirectory /media/flaviozno/HD1/EAD/Trabalho de Java/poo-backend/src/test/resources
2021-10-18 08:59:56,612 [Worker-1: Loading available Gradle versions] INFO  o.e.b.c.i.u.g.PublishedGradleVersions - Gradle version information cache is up-to-date. Trying to read.
2021-10-18 09:05:56,786 [Worker-14: Launching poo-backend - PooBackendApplication] INFO  o.e.m.c.i.embedder.EclipseLogger - Using 'UTF-8' encoding to copy filtered resources.
2021-10-18 09:05:56,804 [Worker-14: Launching poo-backend - PooBackendApplication] INFO  o.e.m.c.i.embedder.EclipseLogger - Using 'UTF-8' encoding to copy filtered properties files.
2021-10-18 09:05:56,809 [Worker-14: Launching poo-backend - PooBackendApplication] INFO  o.e.m.c.i.embedder.EclipseLogger - Copying 1 resource
2021-10-18 09:05:56,896 [Worker-14: Launching poo-backend - PooBackendApplication] INFO  o.e.m.c.i.embedder.EclipseLogger - Copying 0 resource
2021-10-18 09:05:56,916 [Worker-14: Launching poo-backend - PooBackendApplication] INFO  o.e.m.c.i.embedder.EclipseLogger - Using 'UTF-8' encoding to copy filtered resources.
2021-10-18 09:05:56,916 [Worker-14: Launching poo-backend - PooBackendApplication] INFO  o.e.m.c.i.embedder.EclipseLogger - Using 'UTF-8' encoding to copy filtered properties files.
2021-10-18 09:05:56,916 [Worker-14: Launching poo-backend - PooBackendApplication] INFO  o.e.m.c.i.embedder.EclipseLogger - skip non existing resourceDirectory /media/flaviozno/HD1/EAD/Trabalho de Java/poo-backend/src/test/resources
2021-10-18 09:07:59,484 [Worker-5: Launching poo-backend - PooBackendApplication] INFO  o.e.m.c.i.embedder.EclipseLogger - Using 'UTF-8' encoding to copy filtered resources.
2021-10-18 09:07:59,485 [Worker-5: Launching poo-backend - PooBackendApplication] INFO  o.e.m.c.i.embedder.EclipseLogger - Using 'UTF-8' encoding to copy filtered properties files.
2021-10-18 09:07:59,491 [Worker-5: Launching poo-backend - PooBackendApplication] INFO  o.e.m.c.i.embedder.EclipseLogger - Copying 1 resource
2021-10-18 09:07:59,538 [Worker-5: Launching poo-backend - PooBackendApplication] INFO  o.e.m.c.i.embedder.EclipseLogger - Copying 0 resource
2021-10-18 09:07:59,546 [Worker-5: Launching poo-backend - PooBackendApplication] INFO  o.e.m.c.i.embedder.EclipseLogger - Using 'UTF-8' encoding to copy filtered resources.
2021-10-18 09:07:59,546 [Worker-5: Launching poo-backend - PooBackendApplication] INFO  o.e.m.c.i.embedder.EclipseLogger - Using 'UTF-8' encoding to copy filtered properties files.
2021-10-18 09:07:59,546 [Worker-5: Launching poo-backend - PooBackendApplication] INFO  o.e.m.c.i.embedder.EclipseLogger - skip non existing resourceDirectory /media/flaviozno/HD1/EAD/Trabalho de Java/poo-backend/src/test/resources
2021-10-18 11:08:04,384 [Worker-21: Launching poo-backend - PooBackendApplication] INFO  o.e.m.c.i.embedder.EclipseLogger - Using 'UTF-8' encoding to copy filtered resources.
2021-10-18 11:08:04,406 [Worker-21: Launching poo-backend - PooBackendApplication] INFO  o.e.m.c.i.embedder.EclipseLogger - Using 'UTF-8' encoding to copy filtered properties files.
2021-10-18 11:08:04,426 [Worker-21: Launching poo-backend - PooBackendApplication] INFO  o.e.m.c.i.embedder.EclipseLogger - Copying 1 resource
2021-10-18 11:08:04,561 [Worker-21: Launching poo-backend - PooBackendApplication] INFO  o.e.m.c.i.embedder.EclipseLogger - Copying 0 resource
2021-10-18 11:08:04,577 [Worker-21: Launching poo-backend - PooBackendApplication] INFO  o.e.m.c.i.embedder.EclipseLogger - Using 'UTF-8' encoding to copy filtered resources.
2021-10-18 11:08:04,578 [Worker-21: Launching poo-backend - PooBackendApplication] INFO  o.e.m.c.i.embedder.EclipseLogger - Using 'UTF-8' encoding to copy filtered properties files.
2021-10-18 11:08:04,578 [Worker-21: Launching poo-backend - PooBackendApplication] INFO  o.e.m.c.i.embedder.EclipseLogger - skip non existing resourceDirectory /media/flaviozno/HD1/EAD/Trabalho de Java/poo-backend/src/test/resources
2021-10-18 11:54:47,122 [Worker-31: Launching poo-backend - PooBackendApplication] INFO  o.e.m.c.i.embedder.EclipseLogger - Using 'UTF-8' encoding to copy filtered resources.
2021-10-18 11:54:47,143 [Worker-31: Launching poo-backend - PooBackendApplication] INFO  o.e.m.c.i.embedder.EclipseLogger - Using 'UTF-8' encoding to copy filtered properties files.
2021-10-18 11:54:47,150 [Worker-31: Launching poo-backend - PooBackendApplication] INFO  o.e.m.c.i.embedder.EclipseLogger - Copying 1 resource
2021-10-18 11:54:47,178 [Worker-31: Launching poo-backend - PooBackendApplication] INFO  o.e.m.c.i.embedder.EclipseLogger - Copying 0 resource
2021-10-18 11:54:47,183 [Worker-31: Launching poo-backend - PooBackendApplication] INFO  o.e.m.c.i.embedder.EclipseLogger - Using 'UTF-8' encoding to copy filtered resources.
2021-10-18 11:54:47,183 [Worker-31: Launching poo-backend - PooBackendApplication] INFO  o.e.m.c.i.embedder.EclipseLogger - Using 'UTF-8' encoding to copy filtered properties files.
2021-10-18 11:54:47,196 [Worker-31: Launching poo-backend - PooBackendApplication] INFO  o.e.m.c.i.embedder.EclipseLogger - skip non existing resourceDirectory /media/flaviozno/HD1/EAD/Trabalho de Java/poo-backend/src/test/resources
2021-10-18 11:56:44,671 [Worker-33: Launching poo-backend - PooBackendApplication] INFO  o.e.m.c.i.embedder.EclipseLogger - Using 'UTF-8' encoding to copy filtered resources.
2021-10-18 11:56:44,672 [Worker-33: Launching poo-backend - PooBackendApplication] INFO  o.e.m.c.i.embedder.EclipseLogger - Using 'UTF-8' encoding to copy filtered properties files.
2021-10-18 11:56:44,675 [Worker-33: Launching poo-backend - PooBackendApplication] INFO  o.e.m.c.i.embedder.EclipseLogger - Copying 1 resource
2021-10-18 11:56:44,695 [Worker-33: Launching poo-backend - PooBackendApplication] INFO  o.e.m.c.i.embedder.EclipseLogger - Copying 0 resource
2021-10-18 11:56:44,698 [Worker-33: Launching poo-backend - PooBackendApplication] INFO  o.e.m.c.i.embedder.EclipseLogger - Using 'UTF-8' encoding to copy filtered resources.
2021-10-18 11:56:44,698 [Worker-33: Launching poo-backend - PooBackendApplication] INFO  o.e.m.c.i.embedder.EclipseLogger - Using 'UTF-8' encoding to copy filtered properties files.
2021-10-18 11:56:44,698 [Worker-33: Launching poo-backend - PooBackendApplication] INFO  o.e.m.c.i.embedder.EclipseLogger - skip non existing resourceDirectory /media/flaviozno/HD1/EAD/Trabalho de Java/poo-backend/src/test/resources
2021-10-18 11:59:22,620 [Worker-37: Launching poo-backend - PooBackendApplication] INFO  o.e.m.c.i.embedder.EclipseLogger - Using 'UTF-8' encoding to copy filtered resources.
2021-10-18 11:59:22,626 [Worker-37: Launching poo-backend - PooBackendApplication] INFO  o.e.m.c.i.embedder.EclipseLogger - Using 'UTF-8' encoding to copy filtered properties files.
2021-10-18 11:59:22,697 [Worker-37: Launching poo-backend - PooBackendApplication] INFO  o.e.m.c.i.embedder.EclipseLogger - Copying 1 resource
2021-10-18 11:59:22,743 [Worker-37: Launching poo-backend - PooBackendApplication] INFO  o.e.m.c.i.embedder.EclipseLogger - Copying 0 resource
2021-10-18 11:59:22,753 [Worker-37: Launching poo-backend - PooBackendApplication] INFO  o.e.m.c.i.embedder.EclipseLogger - Using 'UTF-8' encoding to copy filtered resources.
2021-10-18 11:59:22,753 [Worker-37: Launching poo-backend - PooBackendApplication] INFO  o.e.m.c.i.embedder.EclipseLogger - Using 'UTF-8' encoding to copy filtered properties files.
2021-10-18 11:59:22,753 [Worker-37: Launching poo-backend - PooBackendApplication] INFO  o.e.m.c.i.embedder.EclipseLogger - skip non existing resourceDirectory /media/flaviozno/HD1/EAD/Trabalho de Java/poo-backend/src/test/resources
2021-10-18 12:03:13,242 [Worker-36: Building] INFO  o.e.m.c.i.embedder.EclipseLogger - Using 'UTF-8' encoding to copy filtered resources.
2021-10-18 12:03:13,244 [Worker-36: Building] INFO  o.e.m.c.i.embedder.EclipseLogger - Using 'UTF-8' encoding to copy filtered properties files.
2021-10-18 12:03:13,245 [Worker-36: Building] INFO  o.e.m.c.i.embedder.EclipseLogger - Copying 1 resource
2021-10-18 12:03:13,268 [Worker-36: Building] INFO  o.e.m.c.i.embedder.EclipseLogger - Copying 0 resource
2021-10-18 12:03:13,270 [Worker-36: Building] INFO  o.e.m.c.i.embedder.EclipseLogger - Using 'UTF-8' encoding to copy filtered resources.
2021-10-18 12:03:13,270 [Worker-36: Building] INFO  o.e.m.c.i.embedder.EclipseLogger - Using 'UTF-8' encoding to copy filtered properties files.
2021-10-18 12:03:13,270 [Worker-36: Building] INFO  o.e.m.c.i.embedder.EclipseLogger - skip non existing resourceDirectory /media/flaviozno/HD1/EAD/Trabalho de Java/poo-backend/src/test/resources
2021-10-18 12:03:19,864 [Worker-36: Building] INFO  o.e.m.c.i.embedder.EclipseLogger - Using 'UTF-8' encoding to copy filtered resources.
2021-10-18 12:03:19,868 [Worker-36: Building] INFO  o.e.m.c.i.embedder.EclipseLogger - Using 'UTF-8' encoding to copy filtered properties files.
2021-10-18 12:03:19,876 [Worker-36: Building] INFO  o.e.m.c.i.embedder.EclipseLogger - Copying 1 resource
2021-10-18 12:03:19,912 [Worker-36: Building] INFO  o.e.m.c.i.embedder.EclipseLogger - Copying 0 resource
2021-10-18 12:03:19,915 [Worker-36: Building] INFO  o.e.m.c.i.embedder.EclipseLogger - Using 'UTF-8' encoding to copy filtered resources.
2021-10-18 12:03:19,915 [Worker-36: Building] INFO  o.e.m.c.i.embedder.EclipseLogger - Using 'UTF-8' encoding to copy filtered properties files.
2021-10-18 12:03:19,915 [Worker-36: Building] INFO  o.e.m.c.i.embedder.EclipseLogger - skip non existing resourceDirectory /media/flaviozno/HD1/EAD/Trabalho de Java/poo-backend/src/test/resources
2021-10-18 12:06:39,151 [Worker-44: Launching poo-backend - PooBackendApplication] INFO  o.e.m.c.i.embedder.EclipseLogger - Using 'UTF-8' encoding to copy filtered resources.
2021-10-18 12:06:39,153 [Worker-44: Launching poo-backend - PooBackendApplication] INFO  o.e.m.c.i.embedder.EclipseLogger - Using 'UTF-8' encoding to copy filtered properties files.
2021-10-18 12:06:39,154 [Worker-44: Launching poo-backend - PooBackendApplication] INFO  o.e.m.c.i.embedder.EclipseLogger - Copying 1 resource
2021-10-18 12:06:39,191 [Worker-44: Launching poo-backend - PooBackendApplication] INFO  o.e.m.c.i.embedder.EclipseLogger - Copying 0 resource
2021-10-18 12:06:39,194 [Worker-44: Launching poo-backend - PooBackendApplication] INFO  o.e.m.c.i.embedder.EclipseLogger - Using 'UTF-8' encoding to copy filtered resources.
2021-10-18 12:06:39,194 [Worker-44: Launching poo-backend - PooBackendApplication] INFO  o.e.m.c.i.embedder.EclipseLogger - Using 'UTF-8' encoding to copy filtered properties files.
2021-10-18 12:06:39,194 [Worker-44: Launching poo-backend - PooBackendApplication] INFO  o.e.m.c.i.embedder.EclipseLogger - skip non existing resourceDirectory /media/flaviozno/HD1/EAD/Trabalho de Java/poo-backend/src/test/resources
2021-10-18 12:10:31,118 [Worker-46: Launching poo-backend - PooBackendApplication] INFO  o.e.m.c.i.embedder.EclipseLogger - Using 'UTF-8' encoding to copy filtered resources.
2021-10-18 12:10:31,120 [Worker-46: Launching poo-backend - PooBackendApplication] INFO  o.e.m.c.i.embedder.EclipseLogger - Using 'UTF-8' encoding to copy filtered properties files.
2021-10-18 12:10:31,122 [Worker-46: Launching poo-backend - PooBackendApplication] INFO  o.e.m.c.i.embedder.EclipseLogger - Copying 1 resource
2021-10-18 12:10:31,165 [Worker-46: Launching poo-backend - PooBackendApplication] INFO  o.e.m.c.i.embedder.EclipseLogger - Copying 0 resource
2021-10-18 12:10:31,182 [Worker-46: Launching poo-backend - PooBackendApplication] INFO  o.e.m.c.i.embedder.EclipseLogger - Using 'UTF-8' encoding to copy filtered resources.
2021-10-18 12:10:31,185 [Worker-46: Launching poo-backend - PooBackendApplication] INFO  o.e.m.c.i.embedder.EclipseLogger - Using 'UTF-8' encoding to copy filtered properties files.
2021-10-18 12:10:31,186 [Worker-46: Launching poo-backend - PooBackendApplication] INFO  o.e.m.c.i.embedder.EclipseLogger - skip non existing resourceDirectory /media/flaviozno/HD1/EAD/Trabalho de Java/poo-backend/src/test/resources
2021-10-18 12:14:53,444 [Worker-43: Launching poo-backend - PooBackendApplication] INFO  o.e.m.c.i.embedder.EclipseLogger - Using 'UTF-8' encoding to copy filtered resources.
2021-10-18 12:14:53,444 [Worker-43: Launching poo-backend - PooBackendApplication] INFO  o.e.m.c.i.embedder.EclipseLogger - Using 'UTF-8' encoding to copy filtered properties files.
2021-10-18 12:14:53,446 [Worker-43: Launching poo-backend - PooBackendApplication] INFO  o.e.m.c.i.embedder.EclipseLogger - Copying 1 resource
2021-10-18 12:14:53,477 [Worker-43: Launching poo-backend - PooBackendApplication] INFO  o.e.m.c.i.embedder.EclipseLogger - Copying 0 resource
2021-10-18 12:14:53,486 [Worker-43: Launching poo-backend - PooBackendApplication] INFO  o.e.m.c.i.embedder.EclipseLogger - Using 'UTF-8' encoding to copy filtered resources.
2021-10-18 12:14:53,487 [Worker-43: Launching poo-backend - PooBackendApplication] INFO  o.e.m.c.i.embedder.EclipseLogger - Using 'UTF-8' encoding to copy filtered properties files.
2021-10-18 12:14:53,487 [Worker-43: Launching poo-backend - PooBackendApplication] INFO  o.e.m.c.i.embedder.EclipseLogger - skip non existing resourceDirectory /media/flaviozno/HD1/EAD/Trabalho de Java/poo-backend/src/test/resources
2021-10-18 12:20:24,408 [Worker-47: Launching poo-backend - PooBackendApplication] INFO  o.e.m.c.i.embedder.EclipseLogger - Using 'UTF-8' encoding to copy filtered resources.
2021-10-18 12:20:24,409 [Worker-47: Launching poo-backend - PooBackendApplication] INFO  o.e.m.c.i.embedder.EclipseLogger - Using 'UTF-8' encoding to copy filtered properties files.
2021-10-18 12:20:24,410 [Worker-47: Launching poo-backend - PooBackendApplication] INFO  o.e.m.c.i.embedder.EclipseLogger - Copying 1 resource
2021-10-18 12:20:24,417 [Worker-47: Launching poo-backend - PooBackendApplication] INFO  o.e.m.c.i.embedder.EclipseLogger - Copying 0 resource
2021-10-18 12:20:24,419 [Worker-47: Launching poo-backend - PooBackendApplication] INFO  o.e.m.c.i.embedder.EclipseLogger - Using 'UTF-8' encoding to copy filtered resources.
2021-10-18 12:20:24,420 [Worker-47: Launching poo-backend - PooBackendApplication] INFO  o.e.m.c.i.embedder.EclipseLogger - Using 'UTF-8' encoding to copy filtered properties files.
2021-10-18 12:20:24,420 [Worker-47: Launching poo-backend - PooBackendApplication] INFO  o.e.m.c.i.embedder.EclipseLogger - skip non existing resourceDirectory /media/flaviozno/HD1/EAD/Trabalho de Java/poo-backend/src/test/resources
2021-10-18 12:26:21,193 [Worker-43: Launching poo-backend - PooBackendApplication] INFO  o.e.m.c.i.embedder.EclipseLogger - Using 'UTF-8' encoding to copy filtered resources.
2021-10-18 12:26:21,193 [Worker-43: Launching poo-backend - PooBackendApplication] INFO  o.e.m.c.i.embedder.EclipseLogger - Using 'UTF-8' encoding to copy filtered properties files.
2021-10-18 12:26:21,196 [Worker-43: Launching poo-backend - PooBackendApplication] INFO  o.e.m.c.i.embedder.EclipseLogger - Copying 1 resource
2021-10-18 12:26:21,216 [Worker-43: Launching poo-backend - PooBackendApplication] INFO  o.e.m.c.i.embedder.EclipseLogger - Copying 0 resource
2021-10-18 12:26:21,218 [Worker-43: Launching poo-backend - PooBackendApplication] INFO  o.e.m.c.i.embedder.EclipseLogger - Using 'UTF-8' encoding to copy filtered resources.
2021-10-18 12:26:21,218 [Worker-43: Launching poo-backend - PooBackendApplication] INFO  o.e.m.c.i.embedder.EclipseLogger - Using 'UTF-8' encoding to copy filtered properties files.
2021-10-18 12:26:21,219 [Worker-43: Launching poo-backend - PooBackendApplication] INFO  o.e.m.c.i.embedder.EclipseLogger - skip non existing resourceDirectory /media/flaviozno/HD1/EAD/Trabalho de Java/poo-backend/src/test/resources
2021-10-18 12:28:57,789 [Worker-62: Launching poo-backend - PooBackendApplication] INFO  o.e.m.c.i.embedder.EclipseLogger - Using 'UTF-8' encoding to copy filtered resources.
2021-10-18 12:28:57,790 [Worker-62: Launching poo-backend - PooBackendApplication] INFO  o.e.m.c.i.embedder.EclipseLogger - Using 'UTF-8' encoding to copy filtered properties files.
2021-10-18 12:28:57,792 [Worker-62: Launching poo-backend - PooBackendApplication] INFO  o.e.m.c.i.embedder.EclipseLogger - Copying 1 resource
2021-10-18 12:28:57,798 [Worker-62: Launching poo-backend - PooBackendApplication] INFO  o.e.m.c.i.embedder.EclipseLogger - Copying 0 resource
2021-10-18 12:28:57,809 [Worker-62: Launching poo-backend - PooBackendApplication] INFO  o.e.m.c.i.embedder.EclipseLogger - Using 'UTF-8' encoding to copy filtered resources.
2021-10-18 12:28:57,810 [Worker-62: Launching poo-backend - PooBackendApplication] INFO  o.e.m.c.i.embedder.EclipseLogger - Using 'UTF-8' encoding to copy filtered properties files.
2021-10-18 12:28:57,810 [Worker-62: Launching poo-backend - PooBackendApplication] INFO  o.e.m.c.i.embedder.EclipseLogger - skip non existing resourceDirectory /media/flaviozno/HD1/EAD/Trabalho de Java/poo-backend/src/test/resources
